vti_encoding:SR|utf8-nl
vti_timelastmodified:TR|29 Jan 2005 22:53:14 -0000
vti_extenderversion:SR|5.0.2.6417
vti_author:SR|ZEUS\\Brian
vti_modifiedby:SR|ZEUS\\Brian
vti_nexttolasttimemodified:TR|23 Jan 2005 23:50:10 -0000
vti_timecreated:TR|29 Jan 2005 22:53:14 -0000
vti_lineageid:SR|{271AAF9B-09A4-4C5A-AF78-5BC315E71D7C}
vti_cacheddtm:TX|23 Jan 2005 23:50:10 -0000
vti_filesize:IR|1473
vti_backlinkinfo:VX|
2005.01.29 18:26 B C:\shared\greymatterideas.com\mymp3s\commercial music\_vti_cnf\Carribean giveaway.mp3 --> www.vagnini.net /mymp3s/commercial music/_vti_cnf Carribean giveaway.mp3
2005.01.29 18:26 B C:\shared\greymatterideas.com\mymp3s\commercial music\_vti_cnf\grocery.mp3 --> www.vagnini.net /mymp3s/commercial music/_vti_cnf grocery.mp3
2005.01.29 18:26 B C:\shared\greymatterideas.com\mymp3s\commercial music\_vti_cnf\legends nightclub.mp3 --> www.vagnini.net /mymp3s/commercial music/_vti_cnf legends nightclub.mp3
2005.01.29 18:26 B C:\shared\greymatterideas.com\mymp3s\commercial music\_vti_cnf\the dinner party_mango commercial.mp3 --> www.vagnini.net /mymp3s/commercial music/_vti_cnf the dinner party_mango commercial.mp3
2005.01.29 18:26 B C:\shared\greymatterideas.com\mymp3s\commercial music\_vti_cnf\WS_FTP.LOG --> www.vagnini.net /mymp3s/commercial music/_vti_cnf WS_FTP.LOG
2005.02.16 19:26 B C:\shared\greymatterideas.com\mymp3s\commercial music\_vti_cnf\Carribean giveaway.mp3 --> www.greymatterideas.com /mymp3s/commercial music/_vti_cnf Carribean giveaway.mp3
2005.02.16 19:26 B C:\shared\greymatterideas.com\mymp3s\commercial music\_vti_cnf\grocery.mp3 --> www.greymatterideas.com /mymp3s/commercial music/_vti_cnf grocery.mp3
2005.02.16 19:26 B C:\shared\greymatterideas.com\mymp3s\commercial music\_vti_cnf\legends nightclub.mp3 --> www.greymatterideas.com /mymp3s/commercial music/_vti_cnf legends nightclub.mp3
2005.02.16 19:26 B C:\shared\greymatterideas.com\mymp3s\commercial music\_vti_cnf\the dinner party_mango commercial.mp3 --> www.greymatterideas.com /mymp3s/commercial music/_vti_cnf the dinner party_mango commercial.mp3
