vti_encoding:SR|utf8-nl
vti_timelastmodified:TR|29 Jan 2005 22:53:14 -0000
vti_extenderversion:SR|5.0.2.6417
vti_author:SR|ZEUS\\Brian
vti_modifiedby:SR|ZEUS\\Brian
vti_nexttolasttimemodified:TR|24 Jan 2005 00:05:06 -0000
vti_timecreated:TR|29 Jan 2005 22:53:14 -0000
vti_lineageid:SR|{8E65438F-899F-4055-B502-F13E5E3E32B7}
vti_cacheddtm:TX|24 Jan 2005 00:05:06 -0000
vti_filesize:IR|4183
vti_backlinkinfo:VX|
2005.01.29 18:26 B C:\shared\greymatterideas.com\mymp3s\_vti_cnf\Arizona Nights.mp3 --> www.vagnini.net /mymp3s/_vti_cnf Arizona Nights.mp3
2005.01.29 18:26 B C:\shared\greymatterideas.com\mymp3s\_vti_cnf\credits2.mp3 --> www.vagnini.net /mymp3s/_vti_cnf credits2.mp3
2005.01.29 18:26 B C:\shared\greymatterideas.com\mymp3s\_vti_cnf\Easter Hunt.ra --> www.vagnini.net /mymp3s/_vti_cnf Easter Hunt.ra
2005.01.29 18:26 B C:\shared\greymatterideas.com\mymp3s\_vti_cnf\EasterHunt.mp3 --> www.vagnini.net /mymp3s/_vti_cnf EasterHunt.mp3
2005.01.29 18:26 B C:\shared\greymatterideas.com\mymp3s\_vti_cnf\giftopening-b.mp3 --> www.vagnini.net /mymp3s/_vti_cnf giftopening-b.mp3
2005.01.29 18:26 B C:\shared\greymatterideas.com\mymp3s\_vti_cnf\giftopening-c.mp3 --> www.vagnini.net /mymp3s/_vti_cnf giftopening-c.mp3
2005.01.29 18:26 B C:\shared\greymatterideas.com\mymp3s\_vti_cnf\gtrnoodle.mp3 --> www.vagnini.net /mymp3s/_vti_cnf gtrnoodle.mp3
2005.01.29 18:26 B C:\shared\greymatterideas.com\mymp3s\_vti_cnf\Guitar Groove.ra --> www.vagnini.net /mymp3s/_vti_cnf Guitar Groove.ra
2005.01.29 18:26 B C:\shared\greymatterideas.com\mymp3s\_vti_cnf\GuitarGroove.mp3 --> www.vagnini.net /mymp3s/_vti_cnf GuitarGroove.mp3
2005.01.29 18:26 B C:\shared\greymatterideas.com\mymp3s\_vti_cnf\meettucker.mp3 --> www.vagnini.net /mymp3s/_vti_cnf meettucker.mp3
2005.01.29 18:26 B C:\shared\greymatterideas.com\mymp3s\_vti_cnf\Minor Thing.ra --> www.vagnini.net /mymp3s/_vti_cnf Minor Thing.ra
2005.01.29 18:26 B C:\shared\greymatterideas.com\mymp3s\_vti_cnf\MinorThing.mp3 --> www.vagnini.net /mymp3s/_vti_cnf MinorThing.mp3
2005.01.29 18:26 B C:\shared\greymatterideas.com\mymp3s\_vti_cnf\presents.mp3 --> www.vagnini.net /mymp3s/_vti_cnf presents.mp3
2005.01.29 18:26 B C:\shared\greymatterideas.com\mymp3s\_vti_cnf\scamperingbridge.mp3 --> www.vagnini.net /mymp3s/_vti_cnf scamperingbridge.mp3
2005.01.29 18:26 B C:\shared\greymatterideas.com\mymp3s\_vti_cnf\sisteropening.mp3 --> www.vagnini.net /mymp3s/_vti_cnf sisteropening.mp3
2005.01.29 18:26 B C:\shared\greymatterideas.com\mymp3s\_vti_cnf\thedinnerparty.rm --> www.vagnini.net /mymp3s/_vti_cnf thedinnerparty.rm
2005.01.29 18:26 B C:\shared\greymatterideas.com\mymp3s\_vti_cnf\UWF Groove.ra --> www.vagnini.net /mymp3s/_vti_cnf UWF Groove.ra
2005.01.29 18:26 B C:\shared\greymatterideas.com\mymp3s\_vti_cnf\UWFGroove.mp3 --> www.vagnini.net /mymp3s/_vti_cnf UWFGroove.mp3
2005.01.29 18:26 B C:\shared\greymatterideas.com\mymp3s\_vti_cnf\WS_FTP.LOG --> www.vagnini.net /mymp3s/_vti_cnf WS_FTP.LOG
2005.02.16 19:25 B C:\shared\greymatterideas.com\mymp3s\_vti_cnf\Arizona Nights.mp3 --> www.greymatterideas.com /mymp3s/_vti_cnf Arizona Nights.mp3
2005.02.16 19:25 B C:\shared\greymatterideas.com\mymp3s\_vti_cnf\credits2.mp3 --> www.greymatterideas.com /mymp3s/_vti_cnf credits2.mp3
2005.02.16 19:25 B C:\shared\greymatterideas.com\mymp3s\_vti_cnf\Easter Hunt.ra --> www.greymatterideas.com /mymp3s/_vti_cnf Easter Hunt.ra
2005.02.16 19:25 B C:\shared\greymatterideas.com\mymp3s\_vti_cnf\EasterHunt.mp3 --> www.greymatterideas.com /mymp3s/_vti_cnf EasterHunt.mp3
2005.02.16 19:25 B C:\shared\greymatterideas.com\mymp3s\_vti_cnf\giftopening-b.mp3 --> www.greymatterideas.com /mymp3s/_vti_cnf giftopening-b.mp3
2005.02.16 19:25 B C:\shared\greymatterideas.com\mymp3s\_vti_cnf\giftopening-c.mp3 --> www.greymatterideas.com /mymp3s/_vti_cnf giftopening-c.mp3
2005.02.16 19:25 B C:\shared\greymatterideas.com\mymp3s\_vti_cnf\gtrnoodle.mp3 --> www.greymatterideas.com /mymp3s/_vti_cnf gtrnoodle.mp3
2005.02.16 19:25 B C:\shared\greymatterideas.com\mymp3s\_vti_cnf\Guitar Groove.ra --> www.greymatterideas.com /mymp3s/_vti_cnf Guitar Groove.ra
2005.02.16 19:25 B C:\shared\greymatterideas.com\mymp3s\_vti_cnf\GuitarGroove.mp3 --> www.greymatterideas.com /mymp3s/_vti_cnf GuitarGroove.mp3
2005.02.16 19:25 B C:\shared\greymatterideas.com\mymp3s\_vti_cnf\meettucker.mp3 --> www.greymatterideas.com /mymp3s/_vti_cnf meettucker.mp3
2005.02.16 19:25 B C:\shared\greymatterideas.com\mymp3s\_vti_cnf\Minor Thing.ra --> www.greymatterideas.com /mymp3s/_vti_cnf Minor Thing.ra
2005.02.16 19:25 B C:\shared\greymatterideas.com\mymp3s\_vti_cnf\MinorThing.mp3 --> www.greymatterideas.com /mymp3s/_vti_cnf MinorThing.mp3
2005.02.16 19:25 B C:\shared\greymatterideas.com\mymp3s\_vti_cnf\presents.mp3 --> www.greymatterideas.com /mymp3s/_vti_cnf presents.mp3
2005.02.16 19:25 B C:\shared\greymatterideas.com\mymp3s\_vti_cnf\scamperingbridge.mp3 --> www.greymatterideas.com /mymp3s/_vti_cnf scamperingbridge.mp3
2005.02.16 19:25 B C:\shared\greymatterideas.com\mymp3s\_vti_cnf\sisteropening.mp3 --> www.greymatterideas.com /mymp3s/_vti_cnf sisteropening.mp3
2005.02.16 19:25 B C:\shared\greymatterideas.com\mymp3s\_vti_cnf\thedinnerparty.rm --> www.greymatterideas.com /mymp3s/_vti_cnf thedinnerparty.rm
2005.02.16 19:25 B C:\shared\greymatterideas.com\mymp3s\_vti_cnf\UWF Groove.ra --> www.greymatterideas.com /mymp3s/_vti_cnf UWF Groove.ra
2005.02.16 19:25 B C:\shared\greymatterideas.com\mymp3s\_vti_cnf\UWFGroove.mp3 --> www.greymatterideas.com /mymp3s/_vti_cnf UWFGroove.mp3
